Arguments: 
  /Users/maxim/.nvm/versions/node/v16.13.1/bin/node /usr/local/Cellar/yarn/1.22.17_2/libexec/bin/yarn.js upgrade

PATH: 
  /Users/maxim/.nvm/versions/node/v16.13.1/bin:/usr/local/sbin:/Users/maxim/.rbenv/shims:/usr/local/bin:/usr/bin:/bin:/usr/sbin:/sbin:/opt/X11/bin:/Library/Apple/usr/bin:/Library/Frameworks/Mono.framework/Versions/Current/Commands

Yarn version: 
  1.22.17

Node version: 
  16.13.1

Platform: 
  darwin x64

Trace: 
  SyntaxError: /Users/maxim/Projects/Ozgg/inglip.ru/package.json: Unexpected token } in JSON at position 215
      at JSON.parse (<anonymous>)
      at /usr/local/Cellar/yarn/1.22.17_2/libexec/lib/cli.js:1625:59
      at Generator.next (<anonymous>)
      at step (/usr/local/Cellar/yarn/1.22.17_2/libexec/lib/cli.js:310:30)
      at /usr/local/Cellar/yarn/1.22.17_2/libexec/lib/cli.js:321:13

npm manifest: 
  {
    "name": "app",
    "private": "true",
    "dependencies": {
      "@hotwired/stimulus": "^3.0.1",
      "@hotwired/turbo-rails": "^7.1.0",
      "esbuild": "^0.14.9",
      "react": "^17.0.2",
      "react-dom": "^17.0.2",
    },
    "scripts": {
      "build": "esbuild app/javascript/*.* --bundle --sourcemap --outdir=app/assets/builds",
      "check-types": "tsc --project tsconfig.json --noEmit --watch --preserveWatchOutput"
    }
  }

yarn manifest: 
  No manifest

Lockfile: 
  # THIS IS AN AUTOGENERATED FILE. DO NOT EDIT THIS FILE DIRECTLY.
  # yarn lockfile v1
  
  
  "@hotwired/stimulus@^3.0.1":
    version "3.0.1"
    resolved "https://registry.yarnpkg.com/@hotwired/stimulus/-/stimulus-3.0.1.tgz#141f15645acaa3b133b7c247cad58ae252ffae85"
    integrity sha512-oHsJhgY2cip+K2ED7vKUNd2P+BEswVhrCYcJ802DSsblJFv7mPFVk3cQKvm2vHgHeDVdnj7oOKrBbzp1u8D+KA==
  
  "@hotwired/turbo-rails@^7.1.0":
    version "7.1.0"
    resolved "https://registry.yarnpkg.com/@hotwired/turbo-rails/-/turbo-rails-7.1.0.tgz#63df3f0e11aea7c451983266c80ad8896f310952"
    integrity sha512-eB/PTZQYl7dPm51AfBwm0sBpohJ7eir/JmuOfwJG297lEEA8sFcvpxVON/87Ne97OyAOcORZtLpX0KB+t9afyw==
    dependencies:
      "@hotwired/turbo" "^7.1.0"
      "@rails/actioncable" "^6.0.0"
  
  "@hotwired/turbo@^7.1.0":
    version "7.1.0"
    resolved "https://registry.yarnpkg.com/@hotwired/turbo/-/turbo-7.1.0.tgz#27e44e0e3dc5bd1d4bda0766d579cf5a14091cd7"
    integrity sha512-Q8kGjqwPqER+CtpQudbH+3Zgs2X4zb6pBAlr6NsKTXadg45pAOvxI9i4QpuHbwSzR2+x87HUm+rot9F/Pe8rxA==
  
  "@rails/actioncable@^6.0.0":
    version "6.1.4"
    resolved "https://registry.yarnpkg.com/@rails/actioncable/-/actioncable-6.1.4.tgz#c3c5a9f8302c429af9722b6c50ab48049016d2a3"
    integrity sha512-0LmSKJTuo2dL6BQ+9xxLnS9lbkyfz2mBGeBnQ2J7o9Bn0l0q+ZC6VuoZMZZXPvABI4QT7Nfknv5WhfKYL+boew==
  
  "@types/mocha@latest":
    version "9.0.0"
    resolved "https://registry.yarnpkg.com/@types/mocha/-/mocha-9.0.0.tgz#3205bcd15ada9bc681ac20bef64e9e6df88fd297"
    integrity sha512-scN0hAWyLVAvLR9AyW7HoFF5sJZglyBsbPuHO4fv7JRvfmPBMfp1ozWqOf/e4wwPNxezBZXRfWzMb6iFLgEVRA==
  
  "@types/node@latest":
    version "17.0.6"
    resolved "https://registry.yarnpkg.com/@types/node/-/node-17.0.6.tgz#cc1589c9ee853b389e67e8fb4384e0f250a139b9"
    integrity sha512-+XBAjfZmmivILUzO0HwBJoYkAyyySSLg5KCGBDFLomJo0sV6szvVLAf4ANZZ0pfWzgEds5KmGLG9D5hfEqOhaA==
  
  esbuild-android-arm64@0.14.9:
    version "0.14.9"
    resolved "https://registry.yarnpkg.com/esbuild-android-arm64/-/esbuild-android-arm64-0.14.9.tgz#81491ba904eb0dd636e372d3d95fa8424a0d9e95"
    integrity sha512-VpSCuUR07G4Re/5QzqtdxS5ZgxkCRyzu4Kf5SH1/EkXzRGeoWQt8xirkOMK58pfmg/FlS/fQNgwl3Txej4LoVg==
  
  esbuild-darwin-64@0.14.9:
    version "0.14.9"
    resolved "https://registry.yarnpkg.com/esbuild-darwin-64/-/esbuild-darwin-64-0.14.9.tgz#085f6ba06c52c747696903de3755f50ffa50c89d"
    integrity sha512-F/RcRHMG5ccAL8n9VIy8ZC4D0IHZrN/1IhHQbY4qPXrMlh42FucR0TW4lr3vdHF3caaId1jdDSQQJ7jXR+ZC5Q==
  
  esbuild-darwin-arm64@0.14.9:
    version "0.14.9"
    resolved "https://registry.yarnpkg.com/esbuild-darwin-arm64/-/esbuild-darwin-arm64-0.14.9.tgz#6b61afa38640beaa12a1da679640a921a3ebf741"
    integrity sha512-3ue+1T4FR5TaAu4/V1eFMG8Uwn0pgAwQZb/WwL1X78d5Cy8wOVQ67KNH1lsjU+y/9AcwMKZ9x0GGNxBB4a1Rbw==
  
  esbuild-freebsd-64@0.14.9:
    version "0.14.9"
    resolved "https://registry.yarnpkg.com/esbuild-freebsd-64/-/esbuild-freebsd-64-0.14.9.tgz#6fae644d8aa52e809d6238cb364ae1dd31f05b87"
    integrity sha512-0YEjWt6ijaf5Y3Q50YS1lZxuWZWMV/T7atQEuQnF8ioq5jamrVr8j1TZ9+rxcLgH1lBMsXj8IwW+6BleXredEg==
  
  esbuild-freebsd-arm64@0.14.9:
    version "0.14.9"
    resolved "https://registry.yarnpkg.com/esbuild-freebsd-arm64/-/esbuild-freebsd-arm64-0.14.9.tgz#03d4dff441c043f94bdce93b1645b4b927099fb4"
    integrity sha512-82w5qMgEeYvf8+vX/2KE5TOZf8rv8VK4TFiK6lDzdgdwwmBU5C8kdT3rO5Llan2K2LKndrou1eyi/fHwFcwPJQ==
  
  esbuild-linux-32@0.14.9:
    version "0.14.9"
    resolved "https://registry.yarnpkg.com/esbuild-linux-32/-/esbuild-linux-32-0.14.9.tgz#4301aa9824a51b198bb299c226a046f42e1b42e1"
    integrity sha512-eu8J8HNpco7Mkd7T7djQRzGBeuve41kbXRxFHOwwbZXMNQojXjBqLuradi5i/Vsw+CA4G/yVpmJI2S75Cit2mQ==
  
  esbuild-linux-64@0.14.9:
    version "0.14.9"
    resolved "https://registry.yarnpkg.com/esbuild-linux-64/-/esbuild-linux-64-0.14.9.tgz#b7b8aaa9e7d395d3ee9af6badf88033d7da4e924"
    integrity sha512-WoEI+R6/PLZAxS7XagfQMFgRtLUi5cjqqU9VCfo3tnWmAXh/wt8QtUfCVVCcXVwZLS/RNvI19CtfjlrJU61nOg==
  
  esbuild-linux-arm64@0.14.9:
    version "0.14.9"
    resolved "https://registry.yarnpkg.com/esbuild-linux-arm64/-/esbuild-linux-arm64-0.14.9.tgz#535e61282156db2c10443529cf33498d710b2ec2"
    integrity sha512-joUE0yQgWMDkQqBx3+6SdNCVZ10F1O4+WM94moghvhdTzkYpECIc/WvfqMF/w0V8Hecw3QJ7vugO7jsFlXXd4Q==
  
  esbuild-linux-arm@0.14.9:
    version "0.14.9"
    resolved "https://registry.yarnpkg.com/esbuild-linux-arm/-/esbuild-linux-arm-0.14.9.tgz#abc456952f89deb5ec5563335793781ea5ce1c7e"
    integrity sha512-d3k1ZPREjaKYyhsS8x3jvc4ekjIZ8SmuihP60mrN1f6p5y07NKWw9i0OWD1p6hy+7g6cjMWq00tstMIikGB9Yg==
  
  esbuild-linux-mips64le@0.14.9:
    version "0.14.9"
    resolved "https://registry.yarnpkg.com/esbuild-linux-mips64le/-/esbuild-linux-mips64le-0.14.9.tgz#372c317a80df4e5e1b227bacb57a497897e31af5"
    integrity sha512-ZAuheiDRo2c4rxx8GUTEwPvos0zUwCYjP9K2WfCSmDL6m3RpaObCQhZghrDuoIUwvc/D6SWuABsKE9VzogsltQ==
  
  esbuild-linux-ppc64le@0.14.9:
    version "0.14.9"
    resolved "https://registry.yarnpkg.com/esbuild-linux-ppc64le/-/esbuild-linux-ppc64le-0.14.9.tgz#f08a9aa4318ae5ec9ef7ee8c9016dd5027392a81"
    integrity sha512-Pm8FeG5l314k3a2mbu3SAc5E2eLFuGUsGiSlw8V6xtA4whxJ7rit7951w9jBhz+1Vqqtqprg2IYTng3j2CGhVw==
  
  esbuild-linux-s390x@0.14.9:
    version "0.14.9"
    resolved "https://registry.yarnpkg.com/esbuild-linux-s390x/-/esbuild-linux-s390x-0.14.9.tgz#85a921fb714f5aa7cdddb192f211ea20e46b2fd0"
    integrity sha512-G8FNZygV82N1/LOfPD8ZX7Mn1dPpKKPrZc93ebSJ8/VgNIafOAhV5vaeK1lhcx6ZSu+jJU/UyQQMG1CIvHRIaw==
  
  esbuild-netbsd-64@0.14.9:
    version "0.14.9"
    resolved "https://registry.yarnpkg.com/esbuild-netbsd-64/-/esbuild-netbsd-64-0.14.9.tgz#2b4d4267a8bdf7e340655e12a1307cf89de275c0"
    integrity sha512-b7vPrn5XN0GRtNAQ3w+gq8AwUfWSRBkcPAdA5UUT5rkrw7wKFyMqi2/zREBc/Knu5YOsLmZPQSoM8QL6qy79cg==
  
  esbuild-openbsd-64@0.14.9:
    version "0.14.9"
    resolved "https://registry.yarnpkg.com/esbuild-openbsd-64/-/esbuild-openbsd-64-0.14.9.tgz#1aa3b39b717040d506cdafcdd417aadf6530cf59"
    integrity sha512-w95Rt/vmVhZWfzZmeoMIHxbFiOFDmxC7GEdnCbDTXX2vlwKu+CIDIKOgWW+R1T2JqTNo5tu9dRkngKZMfbUo/A==
  
  esbuild-sunos-64@0.14.9:
    version "0.14.9"
    resolved "https://registry.yarnpkg.com/esbuild-sunos-64/-/esbuild-sunos-64-0.14.9.tgz#d2c8e091a13dbff8117403c76b637a7647402e8c"
    integrity sha512-mzgmQZAVGo+uLkQXTY0viqVSEQKesmR5OEMMq1jM/2jucbZUcyaq8dVKRIWJJEzwNgZ6MpeOpshUtOzGxxy8ag==
  
  esbuild-windows-32@0.14.9:
    version "0.14.9"
    resolved "https://registry.yarnpkg.com/esbuild-windows-32/-/esbuild-windows-32-0.14.9.tgz#7f778a74de7849c14e9bbb4e749974d508c9be58"
    integrity sha512-sYHEJLwdDJpjjSUyIGqPC1GRXl0Z/YT1K85Tcrv4iqZEXFR0rT7sTV+E0XC911FbTJHfuAdUJixkwAQeLMdrUg==
  
  esbuild-windows-64@0.14.9:
    version "0.14.9"
    resolved "https://registry.yarnpkg.com/esbuild-windows-64/-/esbuild-windows-64-0.14.9.tgz#20d158b316488dd073b0b02cd32130a1040820ee"
    integrity sha512-xJTpyFzpH51LGlVR2C3P+Gpnjujsx5kEtJj5V/x8TyD94VW+EpszyND/pay15CIF64pWywyQt2jmGUDl6kzkEw==
  
  esbuild-windows-arm64@0.14.9:
    version "0.14.9"
    resolved "https://registry.yarnpkg.com/esbuild-windows-arm64/-/esbuild-windows-arm64-0.14.9.tgz#3ab19cac75965f509b20ad31b06122c58318ac37"
    integrity sha512-NKPPsYVlHqdF0yMuMJrjuAzqS/BHrMXZ8TN1Du+Pgi8KkmxzNXRPDHQV0NPPJ+Z7Lp09joEHSz1zrvQRs1j6jw==
  
  esbuild@^0.14.9:
    version "0.14.9"
    resolved "https://registry.yarnpkg.com/esbuild/-/esbuild-0.14.9.tgz#f48bedfbdb21051b0d47e299bc2eb3110a2301d6"
    integrity sha512-uuT3kFsfUvzNW6I2RKKIHuCvutY/U9KFcAP6emUm98WvBhyhEr5vGkZLeN3r3vXfoykl+7xekAH8Ky09LXBd0Q==
    optionalDependencies:
      esbuild-android-arm64 "0.14.9"
      esbuild-darwin-64 "0.14.9"
      esbuild-darwin-arm64 "0.14.9"
      esbuild-freebsd-64 "0.14.9"
      esbuild-freebsd-arm64 "0.14.9"
      esbuild-linux-32 "0.14.9"
      esbuild-linux-64 "0.14.9"
      esbuild-linux-arm "0.14.9"
      esbuild-linux-arm64 "0.14.9"
      esbuild-linux-mips64le "0.14.9"
      esbuild-linux-ppc64le "0.14.9"
      esbuild-linux-s390x "0.14.9"
      esbuild-netbsd-64 "0.14.9"
      esbuild-openbsd-64 "0.14.9"
      esbuild-sunos-64 "0.14.9"
      esbuild-windows-32 "0.14.9"
      esbuild-windows-64 "0.14.9"
      esbuild-windows-arm64 "0.14.9"
  
  extend@^3.0.1:
    version "3.0.2"
    resolved "https://registry.yarnpkg.com/extend/-/extend-3.0.2.tgz#f8b1136b4071fbd8eb140aff858b1019ec2915fa"
    integrity sha512-fjquC59cD7CyW6urNXK0FBufkZcoiGG80wTuPujX590cB5Ttln20E2UB4S/WARVqhXffZl2LNgS+gQdPIIim/g==
  
  "js-tokens@^3.0.0 || ^4.0.0":
    version "4.0.0"
    resolved "https://registry.yarnpkg.com/js-tokens/-/js-tokens-4.0.0.tgz#19203fb59991df98e3a287050d4647cdeaf32499"
    integrity sha512-RdJUflcE3cUzKiMqQgsCu06FPu9UdIJO0beYbPhHN4k6apgJtifcoCtT9bcxOpYBtpD2kCM6Sbzg4CausW/PKQ==
  
  loose-envify@^1.1.0:
    version "1.4.0"
    resolved "https://registry.yarnpkg.com/loose-envify/-/loose-envify-1.4.0.tgz#71ee51fa7be4caec1a63839f7e682d8132d30caf"
    integrity sha512-lyuxPGr/Wfhrlem2CL/UcnUc1zcqKAImBDzukY7Y5F/yQiNdko6+fRLevlw1HgMySw7f611UIY408EtxRSoK3Q==
    dependencies:
      js-tokens "^3.0.0 || ^4.0.0"
  
  object-assign@^4.1.1:
    version "4.1.1"
    resolved "https://registry.yarnpkg.com/object-assign/-/object-assign-4.1.1.tgz#2109adc7965887cfc05cbbd442cac8bfbb360863"
    integrity sha1-IQmtx5ZYh8/AXLvUQsrIv7s2CGM=
  
  react-dom@^17.0.2:
    version "17.0.2"
    resolved "https://registry.yarnpkg.com/react-dom/-/react-dom-17.0.2.tgz#ecffb6845e3ad8dbfcdc498f0d0a939736502c23"
    integrity sha512-s4h96KtLDUQlsENhMn1ar8t2bEa+q/YAtj8pPPdIjPDGBDIVNsrD9aXNWqspUe6AzKCIG0C1HZZLqLV7qpOBGA==
    dependencies:
      loose-envify "^1.1.0"
      object-assign "^4.1.1"
      scheduler "^0.20.2"
  
  react@^17.0.2:
    version "17.0.2"
    resolved "https://registry.yarnpkg.com/react/-/react-17.0.2.tgz#d0b5cc516d29eb3eee383f75b62864cfb6800037"
    integrity sha512-gnhPt75i/dq/z3/6q/0asP78D0u592D5L1pd7M8P+dck6Fu/jJeL6iVVK23fptSUZj8Vjf++7wXA8UNclGQcbA==
    dependencies:
      loose-envify "^1.1.0"
      object-assign "^4.1.1"
  
  scheduler@^0.20.2:
    version "0.20.2"
    resolved "https://registry.yarnpkg.com/scheduler/-/scheduler-0.20.2.tgz#4baee39436e34aa93b4874bddcbf0fe8b8b50e91"
    integrity sha512-2eWfGgAqqWFGqtdMmcL5zCMK1U8KlXv8SQFGglL3CEtd0aDVDWgeF/YoCmvln55m5zSk3J/20hTaSBeSObsQDQ==
    dependencies:
      loose-envify "^1.1.0"
      object-assign "^4.1.1"
  
  ts-check@^0.2.4:
    version "0.2.4"
    resolved "https://registry.yarnpkg.com/ts-check/-/ts-check-0.2.4.tgz#fec82ce23262f2886724bdd1e803a64b441a978a"
    integrity sha512-IgXvDHvhBN3YIcCbjsfolKUdbwfzsUkZQNoOvPAuwR2T2jrwjBdIvc8uaWCPGepya9h2BfdlJTvhV6Z4Yb2CWA==
    dependencies:
      "@types/mocha" latest
      "@types/node" latest
      extend "^3.0.1"
